#
# There is insufficient memory for the Java Runtime Environment to continue.
# Native memory allocation (mmap) failed to map 65536 bytes for Failed to commit metaspace.
# Possible reasons:
#   The system is out of physical RAM or swap space
#   The process is running with CompressedOops enabled, and the Java Heap may be blocking the growth of the native heap
# Possible solutions:
#   Reduce memory load on the system
#   Increase physical memory or swap space
#   Check if swap backing store is full
#   Decrease Java heap size (-Xmx/-Xms)
#   Decrease number of Java threads
#   Decrease Java thread stack sizes (-Xss)
#   Set larger code cache with -XX:ReservedCodeCacheSize=
#   JVM is running with Unscaled Compressed Oops mode in which the Java heap is
#     placed in the first 4GB address space. The Java Heap base address is the
#     maximum limit for the native heap growth. Please use -XX:HeapBaseMinAddress
#     to set the Java Heap base and to place the Java Heap above 4GB virtual address.
# This output file may be truncated or incomplete.
#
#  Out of Memory Error (virtualSpaceNode.cpp:110), pid=6384, tid=26516
#
# JRE version: OpenJDK Runtime Environment Temurin-17.0.6+10 (17.0.6+10) (build 17.0.6+10)
# Java VM: OpenJDK 64-Bit Server VM Temurin-17.0.6+10 (17.0.6+10, mixed mode, tiered, compressed oops, compressed class ptrs, parallel gc, windows-amd64)
# No core dump will be written. Minidumps are not enabled by default on client versions of Windows
#

---------------  S U M M A R Y ------------

Command Line: --add-modules=ALL-SYSTEM --add-opens=java.base/java.util=ALL-UNNAMED --add-opens=java.base/java.lang=ALL-UNNAMED --add-opens=java.base/sun.nio.fs=ALL-UNNAMED -Declipse.application=org.eclipse.jdt.ls.core.id1 -Dosgi.bundles.defaultStartLevel=4 -Declipse.product=org.eclipse.jdt.ls.core.product -Djava.import.generatesMetadataFilesAtProjectRoot=false -Dfile.encoding=utf8 -XX:+UseParallelGC -XX:GCTimeRatio=4 -XX:AdaptiveSizePolicyWeight=90 -Dsun.zip.disableMemoryMapping=true -Xmx1G -Xms100m -Xlog:disable -javaagent:c:\Users\admin\.vscode\extensions\redhat.java-1.16.0-win32-x64\lombok\lombok-1.18.24.jar -XX:+HeapDumpOnOutOfMemoryError -XX:HeapDumpPath=c:\Users\admin\AppData\Roaming\Code\User\workspaceStorage\c65c9dccfaa9b9a5af974c637b0ab30d\redhat.java c:\Users\admin\.vscode\extensions\redhat.java-1.16.0-win32-x64\server\plugins\org.eclipse.equinox.launcher_1.6.400.v20210924-0641.jar -configuration c:\Users\admin\AppData\Roaming\Code\User\globalStorage\redhat.java\1.16.0\config_win -data c:\Users\admin\AppData\Roaming\Code\User\workspaceStorage\c65c9dccfaa9b9a5af974c637b0ab30d\redhat.java\jdt_ws

Host: AMD Ryzen 5 5600G with Radeon Graphics         , 12 cores, 15G,  Windows 11 , 64 bit Build 22621 (10.0.22621.3374)
Time: Fri May 10 15:30:28 2024  Windows 11 , 64 bit Build 22621 (10.0.22621.3374) elapsed time: 4.666442 seconds (0d 0h 0m 4s)

---------------  T H R E A D  ---------------

Current thread (0x0000023c79cb9010):  JavaThread "Start Level: Equinox Container: 71563d5d-0017-4299-b9c6-98c1b28a3823" daemon [_thread_in_vm, id=26516, stack(0x000000ceb1100000,0x000000ceb1200000)]

Stack: [0x000000ceb1100000,0x000000ceb1200000]
Native frames: (J=compiled Java code, j=interpreted, Vv=VM code, C=native code)
V  [jvm.dll+0x67741a]
V  [jvm.dll+0x834434]
V  [jvm.dll+0x835bde]
V  [jvm.dll+0x836243]
V  [jvm.dll+0x2457b5]
V  [jvm.dll+0x8304cb]
V  [jvm.dll+0x61bca6]
V  [jvm.dll+0x1c05fe]
V  [jvm.dll+0x61e5f1]
V  [jvm.dll+0x61c646]
V  [jvm.dll+0x626487]
V  [jvm.dll+0x1ea42b]
V  [jvm.dll+0x1ea965]
V  [jvm.dll+0x1eb39f]
V  [jvm.dll+0x1e0841]
V  [jvm.dll+0x53c6d0]
V  [jvm.dll+0x7af5e8]
V  [jvm.dll+0x7af6d4]
V  [jvm.dll+0x40bc05]
V  [jvm.dll+0x411d58]
C  [java.dll+0x17ec]

Java frames: (J=compiled Java code, j=interpreted, Vv=VM code)
J 1069  java.lang.ClassLoader.defineClass1(Ljava/lang/ClassLoader;Ljava/lang/String;[BIILjava/security/ProtectionDomain;Ljava/lang/String;)Ljava/lang/Class; java.base@17.0.6 (0 bytes) @ 0x0000023c6c08addb [0x0000023c6c08ad20+0x00000000000000bb]
J 1692 c1 java.lang.ClassLoader.defineClass(Ljava/lang/String;[BIILjava/security/ProtectionDomain;)Ljava/lang/Class; java.base@17.0.6 (43 bytes) @ 0x0000023c64865c54 [0x0000023c64865900+0x0000000000000354]
J 2255 c1 org.eclipse.osgi.internal.loader.ModuleClassLoader.defineClass(Ljava/lang/String;[BLorg/eclipse/osgi/internal/loader/classpath/ClasspathEntry;)Lorg/eclipse/osgi/internal/loader/ModuleClassLoader$DefineClassResult; (138 bytes) @ 0x0000023c649c749c [0x0000023c649c7240+0x000000000000025c]
J 2110 c1 org.eclipse.osgi.internal.loader.classpath.ClasspathManager.defineClass(Ljava/lang/String;[BLorg/eclipse/osgi/internal/loader/classpath/ClasspathEntry;Lorg/eclipse/osgi/storage/bundlefile/BundleEntry;Ljava/util/List;)Ljava/lang/Class; (636 bytes) @ 0x0000023c649732b4 [0x0000023c649718e0+0x00000000000019d4]
J 1734 c1 org.eclipse.osgi.internal.loader.classpath.ClasspathManager.findClassImpl(Ljava/lang/String;Lorg/eclipse/osgi/internal/loader/classpath/ClasspathEntry;Ljava/util/List;)Ljava/lang/Class; (308 bytes) @ 0x0000023c64887e4c [0x0000023c64885060+0x0000000000002dec]
J 1733 c1 org.eclipse.osgi.internal.loader.classpath.ClasspathManager.findLocalClassImpl(Ljava/lang/String;[Lorg/eclipse/osgi/internal/loader/classpath/ClasspathEntry;Ljava/util/List;)Ljava/lang/Class; (55 bytes) @ 0x0000023c648844cc [0x0000023c64884340+0x000000000000018c]
J 1732 c1 org.eclipse.osgi.internal.loader.classpath.ClasspathManager.findLocalClassImpl(Ljava/lang/String;Ljava/util/List;)Ljava/lang/Class; (132 bytes) @ 0x0000023c64883a54 [0x0000023c64883540+0x0000000000000514]
J 1969 c1 org.eclipse.osgi.internal.loader.classpath.ClasspathManager.findLocalClass(Ljava/lang/String;)Ljava/lang/Class; (210 bytes) @ 0x0000023c6491debc [0x0000023c6491d220+0x0000000000000c9c]
J 1726 c1 org.eclipse.osgi.internal.loader.BundleLoader.findLocalClass(Ljava/lang/String;)Ljava/lang/Class; (152 bytes) @ 0x0000023c6487ecec [0x0000023c6487e4a0+0x000000000000084c]
J 1653 c1 org.eclipse.osgi.internal.loader.BundleLoader.findClass0(Ljava/lang/String;ZZ)Ljava/lang/Class; (466 bytes) @ 0x0000023c64853814 [0x0000023c64851120+0x00000000000026f4]
J 1652 c1 org.eclipse.osgi.internal.loader.BundleLoader.findClass(Ljava/lang/String;)Ljava/lang/Class; (8 bytes) @ 0x0000023c6485081c [0x0000023c648507a0+0x000000000000007c]
J 1654 c1 org.eclipse.osgi.internal.loader.ModuleClassLoader.loadClass(Ljava/lang/String;Z)Ljava/lang/Class; (36 bytes) @ 0x0000023c6485683c [0x0000023c64856620+0x000000000000021c]
J 782 c1 java.lang.ClassLoader.loadClass(Ljava/lang/String;)Ljava/lang/Class; java.base@17.0.6 (7 bytes) @ 0x0000023c646913bc [0x0000023c646912c0+0x00000000000000fc]
v  ~StubRoutines::call_stub
j  org.eclipse.jdt.internal.core.JavaModelManager$8.optionsChanged(Lorg/eclipse/osgi/service/debug/DebugOptions;)V+329
j  org.eclipse.osgi.internal.debug.FrameworkDebugOptions.addingService(Lorg/osgi/framework/ServiceReference;)Lorg/eclipse/osgi/service/debug/DebugOptionsListener;+16
j  org.eclipse.osgi.internal.debug.FrameworkDebugOptions.addingService(Lorg/osgi/framework/ServiceReference;)Ljava/lang/Object;+5
j  org.osgi.util.tracker.ServiceTracker$Tracked.customizerAdding(Lorg/osgi/framework/ServiceReference;Lorg/osgi/framework/ServiceEvent;)Ljava/lang/Object;+8
j  org.osgi.util.tracker.ServiceTracker$Tracked.customizerAdding(Ljava/lang/Object;Ljava/lang/Object;)Ljava/lang/Object;+9
j  org.osgi.util.tracker.AbstractTracked.trackAdding(Ljava/lang/Object;Ljava/lang/Object;)V+8
j  org.osgi.util.tracker.AbstractTracked.track(Ljava/lang/Object;Ljava/lang/Object;)V+83
j  org.osgi.util.tracker.ServiceTracker$Tracked.serviceChanged(Lorg/osgi/framework/ServiceEvent;)V+67
J 1536 c1 org.eclipse.osgi.internal.serviceregistry.FilteredServiceListener.serviceChanged(Lorg/osgi/framework/ServiceEvent;)V (284 bytes) @ 0x0000023c6482b3b4 [0x0000023c648290e0+0x00000000000022d4]
J 1519 c1 org.eclipse.osgi.internal.framework.BundleContextImpl.dispatchEvent(Ljava/lang/Object;Ljava/lang/Object;ILjava/lang/Object;)V (558 bytes) @ 0x0000023c6481c8ec [0x0000023c64819820+0x00000000000030cc]
J 1910 c1 org.eclipse.osgi.framework.eventmgr.EventManager.dispatchEvent(Ljava/util/Set;Lorg/eclipse/osgi/framework/eventmgr/EventDispatcher;ILjava/lang/Object;)V (69 bytes) @ 0x0000023c649004f4 [0x0000023c64900020+0x00000000000004d4]
j  org.eclipse.osgi.framework.eventmgr.ListenerQueue.dispatchEventSynchronous(ILjava/lang/Object;)V+67
j  org.eclipse.osgi.internal.serviceregistry.ServiceRegistry.publishServiceEventPrivileged(Lorg/osgi/framework/ServiceEvent;)V+320
j  org.eclipse.osgi.internal.serviceregistry.ServiceRegistry.publishServiceEvent(Lorg/osgi/framework/ServiceEvent;)V+8
j  org.eclipse.osgi.internal.serviceregistry.ServiceRegistrationImpl.register(Ljava/util/Dictionary;)V+128
j  org.eclipse.osgi.internal.serviceregistry.ServiceRegistry.registerService(Lorg/eclipse/osgi/internal/framework/BundleContextImpl;[Ljava/lang/String;Ljava/lang/Object;Ljava/util/Dictionary;)Lorg/eclipse/osgi/internal/serviceregistry/ServiceRegistrationImpl;+298
j  org.eclipse.osgi.internal.framework.BundleContextImpl.registerService([Ljava/lang/String;Ljava/lang/Object;Ljava/util/Dictionary;)Lorg/osgi/framework/ServiceRegistration;+15
j  org.eclipse.osgi.internal.framework.BundleContextImpl.registerService(Ljava/lang/String;Ljava/lang/Object;Ljava/util/Dictionary;)Lorg/osgi/framework/ServiceRegistration;+15
j  org.eclipse.osgi.internal.framework.BundleContextImpl.registerService(Ljava/lang/Class;Ljava/lang/Object;Ljava/util/Dictionary;)Lorg/osgi/framework/ServiceRegistration;+7
j  org.eclipse.jdt.internal.core.JavaModelManager.registerDebugOptionsListener(Lorg/osgi/framework/BundleContext;)V+32
j  org.eclipse.jdt.core.JavaCore.start(Lorg/osgi/framework/BundleContext;)V+6
j  org.eclipse.osgi.internal.framework.BundleContextImpl$2.run()Ljava/lang/Void;+23
j  org.eclipse.osgi.internal.framework.BundleContextImpl$2.run()Ljava/lang/Object;+1
J 1237 c1 java.security.AccessController.executePrivileged(Ljava/security/PrivilegedExceptionAction;Ljava/security/AccessControlContext;Ljava/lang/Class;)Ljava/lang/Object; java.base@17.0.6 (65 bytes) @ 0x0000023c6477b134 [0x0000023c6477afe0+0x0000000000000154]
j  java.security.AccessController.doPrivileged(Ljava/security/PrivilegedExceptionAction;)Ljava/lang/Object;+9 java.base@17.0.6
j  org.eclipse.osgi.internal.framework.BundleContextImpl.startActivator(Lorg/osgi/framework/BundleActivator;)V+9
j  org.eclipse.osgi.internal.framework.BundleContextImpl.start()V+134
j  org.eclipse.osgi.internal.framework.EquinoxBundle.startWorker0()V+35
j  org.eclipse.osgi.internal.framework.EquinoxBundle$EquinoxModule.startWorker()V+4
j  org.eclipse.osgi.container.Module.doStart([Lorg/eclipse/osgi/container/Module$StartOptions;)Lorg/eclipse/osgi/container/ModuleContainerAdaptor$ModuleEvent;+190
J 2232 c1 org.eclipse.osgi.container.Module.start([Lorg/eclipse/osgi/container/Module$StartOptions;)V (655 bytes) @ 0x0000023c649b7bd4 [0x0000023c649b5860+0x0000000000002374]
J 2252 c1 org.eclipse.osgi.framework.util.SecureAction.start(Lorg/eclipse/osgi/container/Module;[Lorg/eclipse/osgi/container/Module$StartOptions;)V (61 bytes) @ 0x0000023c649c3f4c [0x0000023c649c3ac0+0x000000000000048c]
J 1971 c1 org.eclipse.osgi.internal.hooks.EclipseLazyStarter.postFindLocalClass(Ljava/lang/String;Ljava/lang/Class;Lorg/eclipse/osgi/internal/loader/classpath/ClasspathManager;)V (394 bytes) @ 0x0000023c64922fdc [0x0000023c64922060+0x0000000000000f7c]
J 1969 c1 org.eclipse.osgi.internal.loader.classpath.ClasspathManager.findLocalClass(Ljava/lang/String;)Ljava/lang/Class; (210 bytes) @ 0x0000023c6491e1d4 [0x0000023c6491d220+0x0000000000000fb4]
J 1726 c1 org.eclipse.osgi.internal.loader.BundleLoader.findLocalClass(Ljava/lang/String;)Ljava/lang/Class; (152 bytes) @ 0x0000023c6487ecec [0x0000023c6487e4a0+0x000000000000084c]
J 1986 c1 org.eclipse.osgi.internal.loader.sources.SingleSourcePackage.loadClass(Ljava/lang/String;)Ljava/lang/Class; (9 bytes) @ 0x0000023c6492ca3c [0x0000023c6492c940+0x00000000000000fc]
J 1653 c1 org.eclipse.osgi.internal.loader.BundleLoader.findClass0(Ljava/lang/String;ZZ)Ljava/lang/Class; (466 bytes) @ 0x0000023c6485371c [0x0000023c64851120+0x00000000000025fc]
J 1652 c1 org.eclipse.osgi.internal.loader.BundleLoader.findClass(Ljava/lang/String;)Ljava/lang/Class; (8 bytes) @ 0x0000023c6485081c [0x0000023c648507a0+0x000000000000007c]
J 1654 c1 org.eclipse.osgi.internal.loader.ModuleClassLoader.loadClass(Ljava/lang/String;Z)Ljava/lang/Class; (36 bytes) @ 0x0000023c6485683c [0x0000023c64856620+0x000000000000021c]
J 782 c1 java.lang.ClassLoader.loadClass(Ljava/lang/String;)Ljava/lang/Class; java.base@17.0.6 (7 bytes) @ 0x0000023c646913bc [0x0000023c646912c0+0x00000000000000fc]
v  ~StubRoutines::call_stub
j  java.lang.Class.getDeclaredConstructors0(Z)[Ljava/lang/reflect/Constructor;+0 java.base@17.0.6
j  java.lang.Class.privateGetDeclaredConstructors(Z)[Ljava/lang/reflect/Constructor;+52 java.base@17.0.6
j  java.lang.Class.getConstructor0([Ljava/lang/Class;I)Ljava/lang/reflect/Constructor;+14 java.base@17.0.6
j  java.lang.Class.getConstructor([Ljava/lang/Class;)Ljava/lang/reflect/Constructor;+24 java.base@17.0.6
j  org.eclipse.osgi.internal.framework.BundleContextImpl.loadBundleActivator()Lorg/osgi/framework/BundleActivator;+105
j  org.eclipse.osgi.internal.framework.BundleContextImpl.start()V+18
j  org.eclipse.osgi.internal.framework.EquinoxBundle.startWorker0()V+35
j  org.eclipse.osgi.internal.framework.EquinoxBundle$EquinoxModule.startWorker()V+4
j  org.eclipse.osgi.container.Module.doStart([Lorg/eclipse/osgi/container/Module$StartOptions;)Lorg/eclipse/osgi/container/ModuleContainerAdaptor$ModuleEvent;+190
j  org.eclipse.osgi.container.Module.start([Lorg/eclipse/osgi/container/Module$StartOptions;)V+460
j  org.eclipse.osgi.container.ModuleContainer$ContainerStartLevel$2.run()V+71
j  org.eclipse.osgi.internal.framework.EquinoxContainerAdaptor$1$1.execute(Ljava/lang/Runnable;)V+1
j  org.eclipse.osgi.container.ModuleContainer$ContainerStartLevel.incStartLevel(ILjava/util/List;Z)V+192
j  org.eclipse.osgi.container.ModuleContainer$ContainerStartLevel.incStartLevel(ILjava/util/List;Ljava/util/List;Ljava/util/List;Ljava/util/List;)V+19
j  org.eclipse.osgi.container.ModuleContainer$ContainerStartLevel.doContainerStartLevel(Lorg/eclipse/osgi/container/Module;I[Lorg/osgi/framework/FrameworkListener;)V+349
j  org.eclipse.osgi.container.ModuleContainer$ContainerStartLevel.dispatchEvent(Lorg/eclipse/osgi/container/Module;[Lorg/osgi/framework/FrameworkListener;ILjava/lang/Integer;)V+32
j  org.eclipse.osgi.container.ModuleContainer$ContainerStartLevel.dispatchEvent(Ljava/lang/Object;Ljava/lang/Object;ILjava/lang/Object;)V+15
j  org.eclipse.osgi.framework.eventmgr.EventManager.dispatchEvent(Ljava/util/Set;Lorg/eclipse/osgi/framework/eventmgr/EventDispatcher;ILjava/lang/Object;)V+48
j  org.eclipse.osgi.framework.eventmgr.EventManager$EventThread.run()V+26
v  ~StubRoutines::call_stub

---------------  P R O C E S S  ---------------

Threads class SMR info:
_java_thread_list=0x0000023c7a3a53f0, length=20, elements={
0x0000023c618ec580, 0x0000023c75752040, 0x0000023c757530a0, 0x0000023c7575e3e0,
0x0000023c770b9010, 0x0000023c770b98d0, 0x0000023c770ba190, 0x0000023c770bae30,
0x0000023c770e51f0, 0x0000023c7711a310, 0x0000023c77192ac0, 0x0000023c77360050,
0x0000023c78d02e40, 0x0000023c79cc2010, 0x0000023c79cb9010, 0x0000023c798d6180,
0x0000023c79d98350, 0x0000023c79fdc460, 0x0000023c79c7d640, 0x0000023c7a028320
}

Java Threads: ( => current thread )
  0x0000023c618ec580 JavaThread "main" [_thread_blocked, id=12756, stack(0x000000ceaf800000,0x000000ceaf900000)]
  0x0000023c75752040 JavaThread "Reference Handler" daemon [_thread_blocked, id=4380, stack(0x000000ceafb00000,0x000000ceafc00000)]
  0x0000023c757530a0 JavaThread "Finalizer" daemon [_thread_blocked, id=6612, stack(0x000000ceafc00000,0x000000ceafd00000)]
  0x0000023c7575e3e0 JavaThread "Signal Dispatcher" daemon [_thread_blocked, id=24564, stack(0x000000ceafd00000,0x000000ceafe00000)]
  0x0000023c770b9010 JavaThread "Attach Listener" daemon [_thread_blocked, id=16048, stack(0x000000ceafe00000,0x000000ceaff00000)]
  0x0000023c770b98d0 JavaThread "Service Thread" daemon [_thread_blocked, id=11700, stack(0x000000ceaff00000,0x000000ceb0000000)]
  0x0000023c770ba190 JavaThread "Monitor Deflation Thread" daemon [_thread_blocked, id=16416, stack(0x000000ceb0000000,0x000000ceb0100000)]
  0x0000023c770bae30 JavaThread "C2 CompilerThread0" daemon [_thread_blocked, id=14828, stack(0x000000ceb0100000,0x000000ceb0200000)]
  0x0000023c770e51f0 JavaThread "C1 CompilerThread0" daemon [_thread_blocked, id=23324, stack(0x000000ceb0200000,0x000000ceb0300000)]
  0x0000023c7711a310 JavaThread "Sweeper thread" daemon [_thread_blocked, id=24908, stack(0x000000ceb0300000,0x000000ceb0400000)]
  0x0000023c77192ac0 JavaThread "Common-Cleaner" daemon [_thread_blocked, id=28272, stack(0x000000ceb0400000,0x000000ceb0500000)]
  0x0000023c77360050 JavaThread "Notification Thread" daemon [_thread_blocked, id=16472, stack(0x000000ceb0500000,0x000000ceb0600000)]
  0x0000023c78d02e40 JavaThread "Active Thread: Equinox Container: 71563d5d-0017-4299-b9c6-98c1b28a3823" [_thread_blocked, id=21540, stack(0x000000ceb0800000,0x000000ceb0900000)]
  0x0000023c79cc2010 JavaThread "Framework Event Dispatcher: Equinox Container: 71563d5d-0017-4299-b9c6-98c1b28a3823" daemon [_thread_blocked, id=17764, stack(0x000000ceb1000000,0x000000ceb1100000)]
=>0x0000023c79cb9010 JavaThread "Start Level: Equinox Container: 71563d5d-0017-4299-b9c6-98c1b28a3823" daemon [_thread_in_vm, id=26516, stack(0x000000ceb1100000,0x000000ceb1200000)]
  0x0000023c798d6180 JavaThread "SCR Component Actor" daemon [_thread_blocked, id=21844, stack(0x000000ceb1200000,0x000000ceb1300000)]
  0x0000023c79d98350 JavaThread "SCR Component Registry" daemon [_thread_blocked, id=27368, stack(0x000000ceb1300000,0x000000ceb1400000)]
  0x0000023c79fdc460 JavaThread "Worker-JM" [_thread_blocked, id=23496, stack(0x000000ceb0700000,0x000000ceb0800000)]
  0x0000023c79c7d640 JavaThread "Worker-0" [_thread_blocked, id=26496, stack(0x000000ceb1600000,0x000000ceb1700000)]
  0x0000023c7a028320 JavaThread "Worker-1" [_thread_blocked, id=23792, stack(0x000000ceb1700000,0x000000ceb1800000)]

Other Threads:
  0x0000023c619762c0 VMThread "VM Thread" [stack: 0x000000ceafa00000,0x000000ceafb00000] [id=25760]
  0x0000023c77387830 WatcherThread [stack: 0x000000ceb0600000,0x000000ceb0700000] [id=3152]
  0x0000023c61903310 GCTaskThread "GC Thread#0" [stack: 0x000000ceaf900000,0x000000ceafa00000] [id=2508]
  0x0000023c78d72920 GCTaskThread "GC Thread#1" [stack: 0x000000ceb0900000,0x000000ceb0a00000] [id=25128]
  0x0000023c78dece30 GCTaskThread "GC Thread#2" [stack: 0x000000ceb0a00000,0x000000ceb0b00000] [id=28652]
  0x0000023c78ded0e0 GCTaskThread "GC Thread#3" [stack: 0x000000ceb0b00000,0x000000ceb0c00000] [id=17700]
  0x0000023c78ded390 GCTaskThread "GC Thread#4" [stack: 0x000000ceb0c00000,0x000000ceb0d00000] [id=26396]
  0x0000023c78ded640 GCTaskThread "GC Thread#5" [stack: 0x000000ceb0d00000,0x000000ceb0e00000] [id=27004]
  0x0000023c78ded8f0 GCTaskThread "GC Thread#6" [stack: 0x000000ceb0e00000,0x000000ceb0f00000] [id=2632]
  0x0000023c79d4f030 GCTaskThread "GC Thread#7" [stack: 0x000000ceb0f00000,0x000000ceb1000000] [id=26552]
  0x0000023c799f2920 GCTaskThread "GC Thread#8" [stack: 0x000000ceb1400000,0x000000ceb1500000] [id=3616]
  0x0000023c799f3a60 GCTaskThread "GC Thread#9" [stack: 0x000000ceb1500000,0x000000ceb1600000] [id=24420]

Threads with active compile tasks:

VM state: not at safepoint (normal execution)

VM Mutex/Monitor currently owned by a thread:  ([mutex/lock_event])
[0x0000023c618d6bd0] Metaspace_lock - owner thread: 0x0000023c79cb9010

Heap address: 0x00000000c0000000, size: 1024 MB, Compressed Oops mode: 32-bit

CDS archive(s) not mapped
Compressed class space mapped at: 0x0000000100000000-0x0000000140000000, reserved size: 1073741824
Narrow klass base: 0x0000000000000000, Narrow klass shift: 3, Narrow klass range: 0x140000000

GC Precious Log:
 CPUs: 12 total, 12 available
 Memory: 15741M
 Large Page Support: Disabled
 NUMA Support: Disabled
 Compressed Oops: Enabled (32-bit)
 Alignments: Space 512K, Generation 512K, Heap 2M
 Heap Min Capacity: 100M
 Heap Initial Capacity: 100M
 Heap Max Capacity: 1G
 Pre-touch: Disabled
 Parallel Workers: 10

Heap:
 PSYoungGen      total 27136K, used 23593K [0x00000000eab00000, 0x00000000ec980000, 0x0000000100000000)
  eden space 25088K, 86% used [0x00000000eab00000,0x00000000ec016ad8,0x00000000ec380000)
  from space 2048K, 97% used [0x00000000ec400000,0x00000000ec5f3bc0,0x00000000ec600000)
  to   space 3072K, 0% used [0x00000000ec680000,0x00000000ec680000,0x00000000ec980000)
 ParOldGen       total 68608K, used 8234K [0x00000000c0000000, 0x00000000c4300000, 0x00000000eab00000)
  object space 68608K, 12% used [0x00000000c0000000,0x00000000c080a808,0x00000000c4300000)
 Metaspace       used 27227K, committed 27776K, reserved 1081344K
  class space    used 2711K, committed 2944K, reserved 1048576K

Card table byte_map: [0x0000023c61280000,0x0000023c61490000] _byte_map_base: 0x0000023c60c80000

Marking Bits: (ParMarkBitMap*) 0x00007fff40ec3e70
 Begin Bits: [0x0000023c73560000, 0x0000023c74560000)
 End Bits:   [0x0000023c74560000, 0x0000023c75560000)

Polling page: 0x0000023c5f840000

Metaspace:

Usage:
  Non-class:     23.94 MB used.
      Class:      2.65 MB used.
       Both:     26.59 MB used.

Virtual space:
  Non-class space:       32.00 MB reserved,      24.25 MB ( 76%) committed,  4 nodes.
      Class space:        1.00 GB reserved,       2.88 MB ( <1%) committed,  1 nodes.
             Both:        1.03 GB reserved,      27.12 MB (  3%) committed. 

Chunk freelists:
   Non-Class:  2.92 MB
       Class:  976.00 KB
        Both:  3.88 MB

MaxMetaspaceSize: unlimited
CompressedClassSpaceSize: 1.00 GB
Initial GC threshold: 21.00 MB
Current GC threshold: 35.00 MB
CDS: off
MetaspaceReclaimPolicy: balanced
 - commit_granule_bytes: 65536.
 - commit_granule_words: 8192.
 - virtual_space_node_default_size: 1048576.
 - enlarge_chunks_in_place: 1.
 - new_chunks_are_fully_committed: 0.
 - uncommit_free_chunks: 1.
 - use_allocation_guard: 0.
 - handle_deallocations: 1.


Internal statistics:

num_allocs_failed_limit: 3.
num_arena_births: 222.
num_arena_deaths: 14.
num_vsnodes_births: 5.
num_vsnodes_deaths: 0.
num_space_committed: 434.
num_space_uncommitted: 0.
num_chunks_returned_to_freelist: 17.
num_chunks_taken_from_freelist: 970.
num_chunk_merges: 7.
num_chunk_splits: 643.
num_chunks_enlarged: 442.
num_purges: 2.
num_inconsistent_stats: 0.

CodeHeap 'non-profiled nmethods': size=120000Kb used=1086Kb max_used=1086Kb free=118913Kb
 bounds [0x0000023c6c030000, 0x0000023c6c2a0000, 0x0000023c73560000]
CodeHeap 'profiled nmethods': size=120000Kb used=5329Kb max_used=5329Kb free=114670Kb
 bounds [0x0000023c64560000, 0x0000023c64aa0000, 0x0000023c6ba90000]
CodeHeap 'non-nmethods': size=5760Kb used=1229Kb max_used=1234Kb free=4530Kb
 bounds [0x0000023c6ba90000, 0x0000023c6bd00000, 0x0000023c6c030000]
 total_blobs=3218 nmethods=2679 adapters=453
 compilation: enabled
              stopped_count=0, restarted_count=0
 full_count=0

Compilation events (20 events):
Event: 4.606 Thread 0x0000023c770e51f0 2676       3       java.lang.String::split (327 bytes)
Event: 4.609 Thread 0x0000023c770e51f0 nmethod 2676 0x0000023c64a8bd90 code [0x0000023c64a8c340, 0x0000023c64a8f678]
Event: 4.609 Thread 0x0000023c770e51f0 2673       3       org.objectweb.asm.MethodVisitor::visitVarInsn (17 bytes)
Event: 4.609 Thread 0x0000023c770e51f0 nmethod 2673 0x0000023c64a90910 code [0x0000023c64a90ac0, 0x0000023c64a90cc8]
Event: 4.609 Thread 0x0000023c770e51f0 2674       3       org.objectweb.asm.Label::accept (65 bytes)
Event: 4.609 Thread 0x0000023c770e51f0 nmethod 2674 0x0000023c64a90d90 code [0x0000023c64a90f60, 0x0000023c64a914a8]
Event: 4.609 Thread 0x0000023c770e51f0 2677       3       org.objectweb.asm.MethodVisitor::visitFieldInsn (20 bytes)
Event: 4.609 Thread 0x0000023c770e51f0 nmethod 2677 0x0000023c64a91690 code [0x0000023c64a91840, 0x0000023c64a91a48]
Event: 4.652 Thread 0x0000023c770e51f0 2678       3       org.objectweb.asm.SymbolTable::addConstantIntegerOrFloat (21 bytes)
Event: 4.653 Thread 0x0000023c770e51f0 nmethod 2678 0x0000023c64a91b10 code [0x0000023c64a91cc0, 0x0000023c64a91f18]
Event: 4.653 Thread 0x0000023c770e51f0 2679       3       lombok.patcher.scripts.AddFieldScript$1::visitField (35 bytes)
Event: 4.653 Thread 0x0000023c770e51f0 nmethod 2679 0x0000023c64a92090 code [0x0000023c64a92240, 0x0000023c64a924b8]
Event: 4.653 Thread 0x0000023c770e51f0 2680       3       org.objectweb.asm.SymbolTable::addConstantIntegerOrFloat (100 bytes)
Event: 4.653 Thread 0x0000023c770e51f0 nmethod 2680 0x0000023c64a92610 code [0x0000023c64a92820, 0x0000023c64a92d78]
Event: 4.654 Thread 0x0000023c770e51f0 2681       3       java.util.regex.Pattern$GroupTail::match (111 bytes)
Event: 4.654 Thread 0x0000023c770e51f0 nmethod 2681 0x0000023c64a93010 code [0x0000023c64a931e0, 0x0000023c64a93588]
Event: 4.654 Thread 0x0000023c770e51f0 2682       3       java.util.regex.Pattern$BmpCharPropertyGreedy::match (89 bytes)
Event: 4.654 Thread 0x0000023c770e51f0 nmethod 2682 0x0000023c64a93790 code [0x0000023c64a93980, 0x0000023c64a93fc8]
Event: 4.654 Thread 0x0000023c770e51f0 2683       3       org.objectweb.asm.SymbolTable::addConstantFieldref (10 bytes)
Event: 4.655 Thread 0x0000023c770e51f0 nmethod 2683 0x0000023c64a94210 code [0x0000023c64a943a0, 0x0000023c64a944e8]

GC Heap History (12 events):
Event: 1.252 GC heap before
{Heap before GC invocations=1 (full 0):
 PSYoungGen      total 29696K, used 25600K [0x00000000eab00000, 0x00000000ecc00000, 0x0000000100000000)
  eden space 25600K, 100% used [0x00000000eab00000,0x00000000ec400000,0x00000000ec400000)
  from space 4096K, 0% used [0x00000000ec800000,0x00000000ec800000,0x00000000ecc00000)
  to   space 4096K, 0% used [0x00000000ec400000,0x00000000ec400000,0x00000000ec800000)
 ParOldGen       total 68608K, used 0K [0x00000000c0000000, 0x00000000c4300000, 0x00000000eab00000)
  object space 68608K, 0% used [0x00000000c0000000,0x00000000c0000000,0x00000000c4300000)
 Metaspace       used 11093K, committed 11328K, reserved 1064960K
  class space    used 1103K, committed 1216K, reserved 1048576K
}
Event: 1.265 GC heap after
{Heap after GC invocations=1 (full 0):
 PSYoungGen      total 29696K, used 3360K [0x00000000eab00000, 0x00000000ecc00000, 0x0000000100000000)
  eden space 25600K, 0% used [0x00000000eab00000,0x00000000eab00000,0x00000000ec400000)
  from space 4096K, 82% used [0x00000000ec400000,0x00000000ec748218,0x00000000ec800000)
  to   space 4096K, 0% used [0x00000000ec800000,0x00000000ec800000,0x00000000ecc00000)
 ParOldGen       total 68608K, used 8K [0x00000000c0000000, 0x00000000c4300000, 0x00000000eab00000)
  object space 68608K, 0% used [0x00000000c0000000,0x00000000c0002000,0x00000000c4300000)
 Metaspace       used 11093K, committed 11328K, reserved 1064960K
  class space    used 1103K, committed 1216K, reserved 1048576K
}
Event: 2.120 GC heap before
{Heap before GC invocations=2 (full 0):
 PSYoungGen      total 29696K, used 28960K [0x00000000eab00000, 0x00000000ecc00000, 0x0000000100000000)
  eden space 25600K, 100% used [0x00000000eab00000,0x00000000ec400000,0x00000000ec400000)
  from space 4096K, 82% used [0x00000000ec400000,0x00000000ec748218,0x00000000ec800000)
  to   space 4096K, 0% used [0x00000000ec800000,0x00000000ec800000,0x00000000ecc00000)
 ParOldGen       total 68608K, used 8K [0x00000000c0000000, 0x00000000c4300000, 0x00000000eab00000)
  object space 68608K, 0% used [0x00000000c0000000,0x00000000c0002000,0x00000000c4300000)
 Metaspace       used 14915K, committed 15232K, reserved 1064960K
  class space    used 1507K, committed 1664K, reserved 1048576K
}
Event: 2.126 GC heap after
{Heap after GC invocations=2 (full 0):
 PSYoungGen      total 29696K, used 4085K [0x00000000eab00000, 0x00000000ecc00000, 0x0000000100000000)
  eden space 25600K, 0% used [0x00000000eab00000,0x00000000eab00000,0x00000000ec400000)
  from space 4096K, 99% used [0x00000000ec800000,0x00000000ecbfd728,0x00000000ecc00000)
  to   space 4096K, 0% used [0x00000000ec400000,0x00000000ec400000,0x00000000ec800000)
 ParOldGen       total 68608K, used 1570K [0x00000000c0000000, 0x00000000c4300000, 0x00000000eab00000)
  object space 68608K, 2% used [0x00000000c0000000,0x00000000c0188b80,0x00000000c4300000)
 Metaspace       used 14915K, committed 15232K, reserved 1064960K
  class space    used 1507K, committed 1664K, reserved 1048576K
}
Event: 3.316 GC heap before
{Heap before GC invocations=3 (full 0):
 PSYoungGen      total 29696K, used 29680K [0x00000000eab00000, 0x00000000ecc00000, 0x0000000100000000)
  eden space 25600K, 99% used [0x00000000eab00000,0x00000000ec3fea88,0x00000000ec400000)
  from space 4096K, 99% used [0x00000000ec800000,0x00000000ecbfd728,0x00000000ecc00000)
  to   space 4096K, 0% used [0x00000000ec400000,0x00000000ec400000,0x00000000ec800000)
 ParOldGen       total 68608K, used 1570K [0x00000000c0000000, 0x00000000c4300000, 0x00000000eab00000)
  object space 68608K, 2% used [0x00000000c0000000,0x00000000c0188b80,0x00000000c4300000)
 Metaspace       used 19878K, committed 20352K, reserved 1073152K
  class space    used 2005K, committed 2240K, reserved 1048576K
}
Event: 3.321 GC heap after
{Heap after GC invocations=3 (full 0):
 PSYoungGen      total 29696K, used 4086K [0x00000000eab00000, 0x00000000ecc00000, 0x0000000100000000)
  eden space 25600K, 0% used [0x00000000eab00000,0x00000000eab00000,0x00000000ec400000)
  from space 4096K, 99% used [0x00000000ec400000,0x00000000ec7fdbe0,0x00000000ec800000)
  to   space 4096K, 0% used [0x00000000ec800000,0x00000000ec800000,0x00000000ecc00000)
 ParOldGen       total 68608K, used 3923K [0x00000000c0000000, 0x00000000c4300000, 0x00000000eab00000)
  object space 68608K, 5% used [0x00000000c0000000,0x00000000c03d4fb0,0x00000000c4300000)
 Metaspace       used 19878K, committed 20352K, reserved 1073152K
  class space    used 2005K, committed 2240K, reserved 1048576K
}
Event: 3.650 GC heap before
{Heap before GC invocations=4 (full 0):
 PSYoungGen      total 29696K, used 11050K [0x00000000eab00000, 0x00000000ecc00000, 0x0000000100000000)
  eden space 25600K, 27% used [0x00000000eab00000,0x00000000eb1cccb8,0x00000000ec400000)
  from space 4096K, 99% used [0x00000000ec400000,0x00000000ec7fdbe0,0x00000000ec800000)
  to   space 4096K, 0% used [0x00000000ec800000,0x00000000ec800000,0x00000000ecc00000)
 ParOldGen       total 68608K, used 3923K [0x00000000c0000000, 0x00000000c4300000, 0x00000000eab00000)
  object space 68608K, 5% used [0x00000000c0000000,0x00000000c03d4fb0,0x00000000c4300000)
 Metaspace       used 21041K, committed 21504K, reserved 1073152K
  class space    used 2125K, committed 2368K, reserved 1048576K
}
Event: 3.653 GC heap after
{Heap after GC invocations=4 (full 0):
 PSYoungGen      total 29696K, used 4072K [0x00000000eab00000, 0x00000000ecc00000, 0x0000000100000000)
  eden space 25600K, 0% used [0x00000000eab00000,0x00000000eab00000,0x00000000ec400000)
  from space 4096K, 99% used [0x00000000ec800000,0x00000000ecbfa360,0x00000000ecc00000)
  to   space 4096K, 0% used [0x00000000ec400000,0x00000000ec400000,0x00000000ec800000)
 ParOldGen       total 68608K, used 4318K [0x00000000c0000000, 0x00000000c4300000, 0x00000000eab00000)
  object space 68608K, 6% used [0x00000000c0000000,0x00000000c0437b48,0x00000000c4300000)
 Metaspace       used 21041K, committed 21504K, reserved 1073152K
  class space    used 2125K, committed 2368K, reserved 1048576K
}
Event: 3.653 GC heap before
{Heap before GC invocations=5 (full 1):
 PSYoungGen      total 29696K, used 4072K [0x00000000eab00000, 0x00000000ecc00000, 0x0000000100000000)
  eden space 25600K, 0% used [0x00000000eab00000,0x00000000eab00000,0x00000000ec400000)
  from space 4096K, 99% used [0x00000000ec800000,0x00000000ecbfa360,0x00000000ecc00000)
  to   space 4096K, 0% used [0x00000000ec400000,0x00000000ec400000,0x00000000ec800000)
 ParOldGen       total 68608K, used 4318K [0x00000000c0000000, 0x00000000c4300000, 0x00000000eab00000)
  object space 68608K, 6% used [0x00000000c0000000,0x00000000c0437b48,0x00000000c4300000)
 Metaspace       used 21041K, committed 21504K, reserved 1073152K
  class space    used 2125K, committed 2368K, reserved 1048576K
}
Event: 3.680 GC heap after
{Heap after GC invocations=5 (full 1):
 PSYoungGen      total 29696K, used 0K [0x00000000eab00000, 0x00000000ecc00000, 0x0000000100000000)
  eden space 25600K, 0% used [0x00000000eab00000,0x00000000eab00000,0x00000000ec400000)
  from space 4096K, 0% used [0x00000000ec800000,0x00000000ec800000,0x00000000ecc00000)
  to   space 4096K, 0% used [0x00000000ec400000,0x00000000ec400000,0x00000000ec800000)
 ParOldGen       total 68608K, used 8226K [0x00000000c0000000, 0x00000000c4300000, 0x00000000eab00000)
  object space 68608K, 11% used [0x00000000c0000000,0x00000000c0808808,0x00000000c4300000)
 Metaspace       used 21028K, committed 21504K, reserved 1073152K
  class space    used 2121K, committed 2368K, reserved 1048576K
}
Event: 4.407 GC heap before
{Heap before GC invocations=6 (full 1):
 PSYoungGen      total 29696K, used 25600K [0x00000000eab00000, 0x00000000ecc00000, 0x0000000100000000)
  eden space 25600K, 100% used [0x00000000eab00000,0x00000000ec400000,0x00000000ec400000)
  from space 4096K, 0% used [0x00000000ec800000,0x00000000ec800000,0x00000000ecc00000)
  to   space 4096K, 0% used [0x00000000ec400000,0x00000000ec400000,0x00000000ec800000)
 ParOldGen       total 68608K, used 8226K [0x00000000c0000000, 0x00000000c4300000, 0x00000000eab00000)
  object space 68608K, 11% used [0x00000000c0000000,0x00000000c0808808,0x00000000c4300000)
 Metaspace       used 24529K, committed 25024K, reserved 1073152K
  class space    used 2533K, committed 2752K, reserved 1048576K
}
Event: 4.408 GC heap after
{Heap after GC invocations=6 (full 1):
 PSYoungGen      total 27136K, used 1998K [0x00000000eab00000, 0x00000000ec980000, 0x0000000100000000)
  eden space 25088K, 0% used [0x00000000eab00000,0x00000000eab00000,0x00000000ec380000)
  from space 2048K, 97% used [0x00000000ec400000,0x00000000ec5f3bc0,0x00000000ec600000)
  to   space 3072K, 0% used [0x00000000ec680000,0x00000000ec680000,0x00000000ec980000)
 ParOldGen       total 68608K, used 8234K [0x00000000c0000000, 0x00000000c4300000, 0x00000000eab00000)
  object space 68608K, 12% used [0x00000000c0000000,0x00000000c080a808,0x00000000c4300000)
 Metaspace       used 24529K, committed 25024K, reserved 1073152K
  class space    used 2533K, committed 2752K, reserved 1048576K
}

Dll operation events (9 events):
Event: 0.045 Loaded shared library c:\Users\admin\.vscode\extensions\redhat.java-1.16.0-win32-x64\jre\17.0.6-win32-x86_64\bin\java.dll
Event: 0.275 Loaded shared library c:\Users\admin\.vscode\extensions\redhat.java-1.16.0-win32-x64\jre\17.0.6-win32-x86_64\bin\zip.dll
Event: 0.289 Loaded shared library C:\Users\admin\.vscode\extensions\redhat.java-1.16.0-win32-x64\jre\17.0.6-win32-x86_64\bin\instrument.dll
Event: 0.311 Loaded shared library C:\Users\admin\.vscode\extensions\redhat.java-1.16.0-win32-x64\jre\17.0.6-win32-x86_64\bin\net.dll
Event: 0.315 Loaded shared library C:\Users\admin\.vscode\extensions\redhat.java-1.16.0-win32-x64\jre\17.0.6-win32-x86_64\bin\nio.dll
Event: 0.336 Loaded shared library C:\Users\admin\.vscode\extensions\redhat.java-1.16.0-win32-x64\jre\17.0.6-win32-x86_64\bin\zip.dll
Event: 0.352 Loaded shared library C:\Users\admin\.vscode\extensions\redhat.java-1.16.0-win32-x64\jre\17.0.6-win32-x86_64\bin\jimage.dll
Event: 0.459 Loaded shared library c:\Users\admin\.vscode\extensions\redhat.java-1.16.0-win32-x64\jre\17.0.6-win32-x86_64\bin\verify.dll
Event: 1.937 Loaded shared library C:\Users\admin\AppData\Roaming\Code\User\globalStorage\redhat.java\1.16.0\config_win\org.eclipse.equinox.launcher\org.eclipse.equinox.launcher.win32.win32.x86_64_1.2.700.v20221108-1024\eclipse_11801.dll

Deoptimization events (20 events):
Event: 4.058 Thread 0x0000023c79cb9010 DEOPT PACKING pc=0x0000023c646546e1 sp=0x000000ceb11f1a80
Event: 4.058 Thread 0x0000023c79cb9010 DEOPT UNPACKING pc=0x0000023c6bae6e43 sp=0x000000ceb11f0f08 mode 0
Event: 4.058 Thread 0x0000023c79cb9010 DEOPT PACKING pc=0x0000023c64654609 sp=0x000000ceb11f1a80
Event: 4.058 Thread 0x0000023c79cb9010 DEOPT UNPACKING pc=0x0000023c6bae6e43 sp=0x000000ceb11f0f08 mode 0
Event: 4.058 Thread 0x0000023c79cb9010 DEOPT PACKING pc=0x0000023c64654609 sp=0x000000ceb11f1a80
Event: 4.058 Thread 0x0000023c79cb9010 DEOPT UNPACKING pc=0x0000023c6bae6e43 sp=0x000000ceb11f0f08 mode 0
Event: 4.059 Thread 0x0000023c79cb9010 DEOPT PACKING pc=0x0000023c64654609 sp=0x000000ceb11f1a80
Event: 4.059 Thread 0x0000023c79cb9010 DEOPT UNPACKING pc=0x0000023c6bae6e43 sp=0x000000ceb11f0f08 mode 0
Event: 4.059 Thread 0x0000023c79cb9010 DEOPT PACKING pc=0x0000023c64654609 sp=0x000000ceb11f1a80
Event: 4.059 Thread 0x0000023c79cb9010 DEOPT UNPACKING pc=0x0000023c6bae6e43 sp=0x000000ceb11f0f08 mode 0
Event: 4.059 Thread 0x0000023c79cb9010 DEOPT PACKING pc=0x0000023c646546e1 sp=0x000000ceb11f1a80
Event: 4.059 Thread 0x0000023c79cb9010 DEOPT UNPACKING pc=0x0000023c6bae6e43 sp=0x000000ceb11f0f08 mode 0
Event: 4.059 Thread 0x0000023c79cb9010 DEOPT PACKING pc=0x0000023c646546e1 sp=0x000000ceb11f1a80
Event: 4.059 Thread 0x0000023c79cb9010 DEOPT UNPACKING pc=0x0000023c6bae6e43 sp=0x000000ceb11f0f08 mode 0
Event: 4.063 Thread 0x0000023c79cb9010 DEOPT PACKING pc=0x0000023c6469c49e sp=0x000000ceb11f2460
Event: 4.063 Thread 0x0000023c79cb9010 DEOPT UNPACKING pc=0x0000023c6bae6e43 sp=0x000000ceb11f1958 mode 0
Event: 4.065 Thread 0x0000023c79cb9010 DEOPT PACKING pc=0x0000023c6469c49e sp=0x000000ceb11f2460
Event: 4.065 Thread 0x0000023c79cb9010 DEOPT UNPACKING pc=0x0000023c6bae6e43 sp=0x000000ceb11f1958 mode 0
Event: 4.258 Thread 0x0000023c79cb9010 DEOPT PACKING pc=0x0000023c6469c49e sp=0x000000ceb11f4640
Event: 4.258 Thread 0x0000023c79cb9010 DEOPT UNPACKING pc=0x0000023c6bae6e43 sp=0x000000ceb11f3b38 mode 0

Classes unloaded (7 events):
Event: 3.656 Thread 0x0000023c619762c0 Unloading class 0x000000010021a400 'java/lang/invoke/LambdaForm$MH+0x000000010021a400'
Event: 3.656 Thread 0x0000023c619762c0 Unloading class 0x000000010021a000 'java/lang/invoke/LambdaForm$MH+0x000000010021a000'
Event: 3.656 Thread 0x0000023c619762c0 Unloading class 0x0000000100219c00 'java/lang/invoke/LambdaForm$MH+0x0000000100219c00'
Event: 3.656 Thread 0x0000023c619762c0 Unloading class 0x0000000100219400 'java/lang/invoke/LambdaForm$MH+0x0000000100219400'
Event: 3.656 Thread 0x0000023c619762c0 Unloading class 0x0000000100219000 'java/lang/invoke/LambdaForm$BMH+0x0000000100219000'
Event: 3.656 Thread 0x0000023c619762c0 Unloading class 0x0000000100218c00 'java/lang/invoke/LambdaForm$DMH+0x0000000100218c00'
Event: 3.656 Thread 0x0000023c619762c0 Unloading class 0x0000000100216000 'java/lang/invoke/LambdaForm$DMH+0x0000000100216000'

Classes redefined (0 events):
No events

Internal exceptions (20 events):
Event: 3.178 Thread 0x0000023c79cb9010 Exception <a 'java/lang/NoSuchMethodError'{0x00000000ec1c2680}: 'int java.lang.invoke.DirectMethodHandle$Holder.invokeStatic(java.lang.Object, java.lang.Object, int)'> (0x00000000ec1c2680) 
thrown [s\src\hotspot\share\interpreter\linkResolver.cpp, line 759]
Event: 3.187 Thread 0x0000023c79cb9010 Exception <a 'java/lang/NoSuchMethodError'{0x00000000ec1c6a78}: 'int java.lang.invoke.DirectMethodHandle$Holder.invokeSpecial(java.lang.Object, java.lang.Object, java.lang.Object, int)'> (0x00000000ec1c6a78) 
thrown [s\src\hotspot\share\interpreter\linkResolver.cpp, line 759]
Event: 3.192 Thread 0x0000023c79cb9010 Exception <a 'java/lang/NoSuchMethodError'{0x00000000ec1e2768}: 'java.lang.Object java.lang.invoke.DirectMethodHandle$Holder.invokeStatic(java.lang.Object, java.lang.Object, java.lang.Object, java.lang.Object, int)'> (0x00000000ec1e2768) 
thrown [s\src\hotspot\share\interpreter\linkResolver.cpp, line 759]
Event: 3.202 Thread 0x0000023c79cb9010 Exception <a 'java/lang/NoSuchMethodError'{0x00000000ec1ee760}: 'java.lang.Object java.lang.invoke.DelegatingMethodHandle$Holder.reinvoke_L(java.lang.Object, java.lang.Object, java.lang.Object, java.lang.Object, int, int)'> (0x00000000ec1ee760) 
thrown [s\src\hotspot\share\interpreter\linkResolver.cpp, line 759]
Event: 3.203 Thread 0x0000023c79cb9010 Exception <a 'java/lang/NoSuchMethodError'{0x00000000ec206520}: 'java.lang.Object java.lang.invoke.Invokers$Holder.invokeExact_MT(java.lang.Object, java.lang.Object, java.lang.Object, java.lang.Object)'> (0x00000000ec206520) 
thrown [s\src\hotspot\share\interpreter\linkResolver.cpp, line 759]
Event: 3.503 Thread 0x0000023c79cb9010 Exception <a 'java/lang/NoSuchMethodError'{0x00000000eae10c68}: 'java.lang.Object java.lang.invoke.DirectMethodHandle$Holder.newInvokeSpecial(java.lang.Object, java.lang.Object, java.lang.Object, java.lang.Object, java.lang.Object)'> (0x00000000eae10c68) 
thrown [s\src\hotspot\share\interpreter\linkResolver.cpp, line 759]
Event: 3.636 Thread 0x0000023c79cb9010 Exception <a 'java/lang/NoSuchMethodError'{0x00000000eb184e78}: 'java.lang.Object java.lang.invoke.DirectMethodHandle$Holder.invokeSpecial(java.lang.Object, java.lang.Object, java.lang.Object, long, java.lang.Object)'> (0x00000000eb184e78) 
thrown [s\src\hotspot\share\interpreter\linkResolver.cpp, line 759]
Event: 3.637 Thread 0x0000023c79cb9010 Exception <a 'java/lang/NoSuchMethodError'{0x00000000eb18d030}: 'java.lang.Object java.lang.invoke.DirectMethodHandle$Holder.newInvokeSpecial(java.lang.Object, java.lang.Object, java.lang.Object, long)'> (0x00000000eb18d030) 
thrown [s\src\hotspot\share\interpreter\linkResolver.cpp, line 759]
Event: 3.637 Thread 0x0000023c79cb9010 Exception <a 'java/lang/NoSuchMethodError'{0x00000000eb1915d0}: 'java.lang.Object java.lang.invoke.DirectMethodHandle$Holder.invokeSpecial(java.lang.Object, java.lang.Object, java.lang.Object, java.lang.Object, long)'> (0x00000000eb1915d0) 
thrown [s\src\hotspot\share\interpreter\linkResolver.cpp, line 759]
Event: 3.698 Thread 0x0000023c79cb9010 Exception <a 'java/lang/NoSuchMethodError'{0x00000000eab92878}: 'int java.lang.invoke.DirectMethodHandle$Holder.invokeStaticInit(java.lang.Object, java.lang.Object, java.lang.Object)'> (0x00000000eab92878) 
thrown [s\src\hotspot\share\interpreter\linkResolver.cpp, line 759]
Event: 3.712 Thread 0x0000023c79cb9010 Exception <a 'java/lang/IncompatibleClassChangeError'{0x00000000eabf9cd8}: Found class java.lang.Object, but interface was expected> (0x00000000eabf9cd8) 
thrown [s\src\hotspot\share\interpreter\linkResolver.cpp, line 826]
Event: 3.776 Thread 0x0000023c79cb9010 Exception <a 'java/lang/NoSuchMethodError'{0x00000000eac2d200}: 'java.lang.Object java.lang.invoke.DirectMethodHandle$Holder.invokeSpecial(java.lang.Object, java.lang.Object, java.lang.Object, int, java.lang.Object, java.lang.Object)'> (0x00000000eac2d200) 
thrown [s\src\hotspot\share\interpreter\linkResolver.cpp, line 759]
Event: 3.777 Thread 0x0000023c79cb9010 Exception <a 'java/lang/NoSuchMethodError'{0x00000000eac35988}: 'java.lang.Object java.lang.invoke.DirectMethodHandle$Holder.newInvokeSpecial(java.lang.Object, java.lang.Object, java.lang.Object, int, java.lang.Object)'> (0x00000000eac35988) 
thrown [s\src\hotspot\share\interpreter\linkResolver.cpp, line 759]
Event: 3.778 Thread 0x0000023c79cb9010 Exception <a 'java/lang/NoSuchMethodError'{0x00000000eac39de0}: 'java.lang.Object java.lang.invoke.DirectMethodHandle$Holder.invokeSpecial(java.lang.Object, java.lang.Object, java.lang.Object, java.lang.Object, int, java.lang.Object)'> (0x00000000eac39de0) 
thrown [s\src\hotspot\share\interpreter\linkResolver.cpp, line 759]
Event: 3.791 Thread 0x0000023c79c7d640 Exception <a 'java/lang/NoSuchMethodError'{0x00000000eab4b438}: 'java.lang.Object java.lang.invoke.DirectMethodHandle$Holder.invokeSpecial(java.lang.Object, java.lang.Object, int, java.lang.Object, java.lang.Object)'> (0x00000000eab4b438) 
thrown [s\src\hotspot\share\interpreter\linkResolver.cpp, line 759]
Event: 3.793 Thread 0x0000023c79c7d640 Exception <a 'java/lang/NoSuchMethodError'{0x00000000eab52b08}: 'java.lang.Object java.lang.invoke.DirectMethodHandle$Holder.newInvokeSpecial(java.lang.Object, java.lang.Object, int, java.lang.Object)'> (0x00000000eab52b08) 
thrown [s\src\hotspot\share\interpreter\linkResolver.cpp, line 759]
Event: 3.794 Thread 0x0000023c79c7d640 Exception <a 'java/lang/NoSuchMethodError'{0x00000000eab56618}: 'java.lang.Object java.lang.invoke.DirectMethodHandle$Holder.invokeSpecial(java.lang.Object, java.lang.Object, java.lang.Object, int, java.lang.Object)'> (0x00000000eab56618) 
thrown [s\src\hotspot\share\interpreter\linkResolver.cpp, line 759]
Event: 4.077 Thread 0x0000023c79cb9010 Exception <a 'java/io/FileNotFoundException'{0x00000000eb64c9b8}> (0x00000000eb64c9b8) 
thrown [s\src\hotspot\share\prims\jni.cpp, line 516]
Event: 4.228 Thread 0x0000023c79cb9010 Exception <a 'java/lang/NoSuchMethodError'{0x00000000ebc9bbb0}: 'void java.lang.invoke.DirectMethodHandle$Holder.invokeSpecial(java.lang.Object, java.lang.Object, java.lang.Object, int)'> (0x00000000ebc9bbb0) 
thrown [s\src\hotspot\share\interpreter\linkResolver.cpp, line 759]
Event: 4.321 Thread 0x0000023c79c7d640 Exception <a 'java/io/FileNotFoundException'{0x00000000ebf79b40}> (0x00000000ebf79b40) 
thrown [s\src\hotspot\share\prims\jni.cpp, line 516]

VM Operations (20 events):
Event: 2.050 Executing VM operation: HandshakeAllThreads
Event: 2.050 Executing VM operation: HandshakeAllThreads done
Event: 2.119 Executing VM operation: ParallelGCFailedAllocation
Event: 2.126 Executing VM operation: ParallelGCFailedAllocation done
Event: 2.814 Executing VM operation: HandshakeAllThreads
Event: 2.814 Executing VM operation: HandshakeAllThreads done
Event: 2.891 Executing VM operation: HandshakeAllThreads
Event: 2.891 Executing VM operation: HandshakeAllThreads done
Event: 2.899 Executing VM operation: HandshakeAllThreads
Event: 2.900 Executing VM operation: HandshakeAllThreads done
Event: 3.108 Executing VM operation: HandshakeAllThreads
Event: 3.108 Executing VM operation: HandshakeAllThreads done
Event: 3.316 Executing VM operation: ParallelGCFailedAllocation
Event: 3.323 Executing VM operation: ParallelGCFailedAllocation done
Event: 3.645 Executing VM operation: CollectForMetadataAllocation
Event: 3.693 Executing VM operation: CollectForMetadataAllocation done
Event: 3.861 Executing VM operation: HandshakeAllThreads
Event: 3.861 Executing VM operation: HandshakeAllThreads done
Event: 4.407 Executing VM operation: ParallelGCFailedAllocation
Event: 4.408 Executing VM operation: ParallelGCFailedAllocation done

Events (20 events):
Event: 4.342 loading class java/util/zip/GZIPOutputStream done
Event: 4.385 loading class java/io/StringReader
Event: 4.385 loading class java/io/StringReader done
Event: 4.388 loading class java/util/zip/GZIPInputStream
Event: 4.388 loading class java/util/zip/GZIPInputStream done
Event: 4.390 loading class java/net/SocketTimeoutException
Event: 4.390 loading class java/io/InterruptedIOException
Event: 4.390 loading class java/io/InterruptedIOException done
Event: 4.390 loading class java/net/SocketTimeoutException done
Event: 4.390 loading class java/net/SocketException
Event: 4.390 loading class java/net/SocketException done
Event: 4.390 loading class java/net/UnknownHostException
Event: 4.390 loading class java/net/UnknownHostException done
Event: 4.390 loading class java/net/ProtocolException
Event: 4.390 loading class java/net/ProtocolException done
Event: 4.442 loading class java/io/FileWriter
Event: 4.443 loading class java/io/FileWriter done
Event: 4.443 loading class java/lang/NegativeArraySizeException
Event: 4.443 loading class java/lang/NegativeArraySizeException done
Event: 4.596 Thread 0x0000023c7a0475f0 Thread exited: 0x0000023c7a0475f0


Dynamic libraries:
0x00007ff7cb880000 - 0x00007ff7cb88e000 	c:\Users\admin\.vscode\extensions\redhat.java-1.16.0-win32-x64\jre\17.0.6-win32-x86_64\bin\java.exe
0x00007fffa3a50000 - 0x00007fffa3c66000 	C:\WINDOWS\SYSTEM32\ntdll.dll
0x00007fffa3320000 - 0x00007fffa33e4000 	C:\WINDOWS\System32\KERNEL32.DLL
0x00007fffa0fd0000 - 0x00007fffa1377000 	C:\WINDOWS\System32\KERNELBASE.dll
0x00007fffa0de0000 - 0x00007fffa0ef1000 	C:\WINDOWS\System32\ucrtbase.dll
0x00007fff9bd20000 - 0x00007fff9bd37000 	c:\Users\admin\.vscode\extensions\redhat.java-1.16.0-win32-x64\jre\17.0.6-win32-x86_64\bin\jli.dll
0x00007fffa1ff0000 - 0x00007fffa219e000 	C:\WINDOWS\System32\USER32.dll
0x00007fffa1690000 - 0x00007fffa16b6000 	C:\WINDOWS\System32\win32u.dll
0x00007fffa1dd0000 - 0x00007fffa1df9000 	C:\WINDOWS\System32\GDI32.dll
0x00007fffa1380000 - 0x00007fffa1499000 	C:\WINDOWS\System32\gdi32full.dll
0x00007fffa0f00000 - 0x00007fffa0f9a000 	C:\WINDOWS\System32\msvcp_win.dll
0x00007fff9bc60000 - 0x00007fff9bc79000 	c:\Users\admin\.vscode\extensions\redhat.java-1.16.0-win32-x64\jre\17.0.6-win32-x86_64\bin\VCRUNTIME140.dll
0x00007fff8d4a0000 - 0x00007fff8d733000 	C:\WINDOWS\WinSxS\amd64_microsoft.windows.common-controls_6595b64144ccf1df_6.0.22621.3235_none_270f74e173860f98\COMCTL32.dll
0x00007fffa1e40000 - 0x00007fffa1ee7000 	C:\WINDOWS\System32\msvcrt.dll
0x00007fffa1e00000 - 0x00007fffa1e31000 	C:\WINDOWS\System32\IMM32.DLL
0x00007fff9bd50000 - 0x00007fff9bd5c000 	c:\Users\admin\.vscode\extensions\redhat.java-1.16.0-win32-x64\jre\17.0.6-win32-x86_64\bin\vcruntime140_1.dll
0x00007fff56a60000 - 0x00007fff56af1000 	c:\Users\admin\.vscode\extensions\redhat.java-1.16.0-win32-x64\jre\17.0.6-win32-x86_64\bin\msvcp140.dll
0x00007fff40340000 - 0x00007fff40f87000 	c:\Users\admin\.vscode\extensions\redhat.java-1.16.0-win32-x64\jre\17.0.6-win32-x86_64\bin\server\jvm.dll
0x00007fffa3190000 - 0x00007fffa3242000 	C:\WINDOWS\System32\ADVAPI32.dll
0x00007fffa3250000 - 0x00007fffa32f8000 	C:\WINDOWS\System32\sechost.dll
0x00007fffa0fa0000 - 0x00007fffa0fc8000 	C:\WINDOWS\System32\bcrypt.dll
0x00007fffa3790000 - 0x00007fffa38a5000 	C:\WINDOWS\System32\RPCRT4.dll
0x00007fff84120000 - 0x00007fff84129000 	C:\WINDOWS\SYSTEM32\WSOCK32.dll
0x00007fffa3500000 - 0x00007fffa3571000 	C:\WINDOWS\System32\WS2_32.dll
0x00007fff96c10000 - 0x00007fff96c44000 	C:\WINDOWS\SYSTEM32\WINMM.dll
0x00007fff9e5d0000 - 0x00007fff9e5da000 	C:\WINDOWS\SYSTEM32\VERSION.dll
0x00007fff9fdb0000 - 0x00007fff9fdc8000 	C:\WINDOWS\SYSTEM32\kernel.appcore.dll
0x00007fff9bcd0000 - 0x00007fff9bcda000 	c:\Users\admin\.vscode\extensions\redhat.java-1.16.0-win32-x64\jre\17.0.6-win32-x86_64\bin\jimage.dll
0x00007fff9e920000 - 0x00007fff9eb53000 	C:\WINDOWS\SYSTEM32\DBGHELP.DLL
0x00007fffa2c30000 - 0x00007fffa2fb8000 	C:\WINDOWS\System32\combase.dll
0x00007fffa36a0000 - 0x00007fffa3777000 	C:\WINDOWS\System32\OLEAUT32.dll
0x00007fff935c0000 - 0x00007fff935f2000 	C:\WINDOWS\SYSTEM32\dbgcore.DLL
0x00007fffa14a0000 - 0x00007fffa1519000 	C:\WINDOWS\System32\bcryptPrimitives.dll
0x00007fff9bc50000 - 0x00007fff9bc5e000 	c:\Users\admin\.vscode\extensions\redhat.java-1.16.0-win32-x64\jre\17.0.6-win32-x86_64\bin\instrument.dll
0x00007fff8d420000 - 0x00007fff8d445000 	c:\Users\admin\.vscode\extensions\redhat.java-1.16.0-win32-x64\jre\17.0.6-win32-x86_64\bin\java.dll
0x00007fff99900000 - 0x00007fff99918000 	c:\Users\admin\.vscode\extensions\redhat.java-1.16.0-win32-x64\jre\17.0.6-win32-x86_64\bin\zip.dll
0x00007fffa21a0000 - 0x00007fffa29fc000 	C:\WINDOWS\System32\SHELL32.dll
0x00007fff9ecd0000 - 0x00007fff9f5c9000 	C:\WINDOWS\SYSTEM32\windows.storage.dll
0x00007fff9eb60000 - 0x00007fff9ec9e000 	C:\WINDOWS\SYSTEM32\wintypes.dll
0x00007fffa3400000 - 0x00007fffa34f3000 	C:\WINDOWS\System32\SHCORE.dll
0x00007fffa3590000 - 0x00007fffa35ee000 	C:\WINDOWS\System32\shlwapi.dll
0x00007fffa0ca0000 - 0x00007fffa0cc1000 	C:\WINDOWS\SYSTEM32\profapi.dll
0x00007fff996f0000 - 0x00007fff99709000 	C:\Users\admin\.vscode\extensions\redhat.java-1.16.0-win32-x64\jre\17.0.6-win32-x86_64\bin\net.dll
0x00007fff9ad30000 - 0x00007fff9ae66000 	C:\WINDOWS\SYSTEM32\WINHTTP.dll
0x00007fffa0220000 - 0x00007fffa0289000 	C:\WINDOWS\system32\mswsock.dll
0x00007fff8f4b0000 - 0x00007fff8f4c5000 	C:\Users\admin\.vscode\extensions\redhat.java-1.16.0-win32-x64\jre\17.0.6-win32-x86_64\bin\nio.dll
0x00007fff9bc20000 - 0x00007fff9bc30000 	c:\Users\admin\.vscode\extensions\redhat.java-1.16.0-win32-x64\jre\17.0.6-win32-x86_64\bin\verify.dll
0x00007fff81760000 - 0x00007fff8179e000 	C:\Users\admin\AppData\Roaming\Code\User\globalStorage\redhat.java\1.16.0\config_win\org.eclipse.equinox.launcher\org.eclipse.equinox.launcher.win32.win32.x86_64_1.2.700.v20221108-1024\eclipse_11801.dll
0x00007fffa2fc0000 - 0x00007fffa3165000 	C:\WINDOWS\System32\ole32.dll

dbghelp: loaded successfully - version: 4.0.5 - missing functions: none
symbol engine: initialized successfully - sym options: 0x614 - pdb path: .;c:\Users\admin\.vscode\extensions\redhat.java-1.16.0-win32-x64\jre\17.0.6-win32-x86_64\bin;C:\WINDOWS\SYSTEM32;C:\WINDOWS\WinSxS\amd64_microsoft.windows.common-controls_6595b64144ccf1df_6.0.22621.3235_none_270f74e173860f98;c:\Users\admin\.vscode\extensions\redhat.java-1.16.0-win32-x64\jre\17.0.6-win32-x86_64\bin\server;C:\Users\admin\AppData\Roaming\Code\User\globalStorage\redhat.java\1.16.0\config_win\org.eclipse.equinox.launcher\org.eclipse.equinox.launcher.win32.win32.x86_64_1.2.700.v20221108-1024

VM Arguments:
jvm_args: --add-modules=ALL-SYSTEM --add-opens=java.base/java.util=ALL-UNNAMED --add-opens=java.base/java.lang=ALL-UNNAMED --add-opens=java.base/sun.nio.fs=ALL-UNNAMED -Declipse.application=org.eclipse.jdt.ls.core.id1 -Dosgi.bundles.defaultStartLevel=4 -Declipse.product=org.eclipse.jdt.ls.core.product -Djava.import.generatesMetadataFilesAtProjectRoot=false -Dfile.encoding=utf8 -XX:+UseParallelGC -XX:GCTimeRatio=4 -XX:AdaptiveSizePolicyWeight=90 -Dsun.zip.disableMemoryMapping=true -Xmx1G -Xms100m -Xlog:disable -javaagent:c:\Users\admin\.vscode\extensions\redhat.java-1.16.0-win32-x64\lombok\lombok-1.18.24.jar -XX:+HeapDumpOnOutOfMemoryError -XX:HeapDumpPath=c:\Users\admin\AppData\Roaming\Code\User\workspaceStorage\c65c9dccfaa9b9a5af974c637b0ab30d\redhat.java 
java_command: c:\Users\admin\.vscode\extensions\redhat.java-1.16.0-win32-x64\server\plugins\org.eclipse.equinox.launcher_1.6.400.v20210924-0641.jar -configuration c:\Users\admin\AppData\Roaming\Code\User\globalStorage\redhat.java\1.16.0\config_win -data c:\Users\admin\AppData\Roaming\Code\User\workspaceStorage\c65c9dccfaa9b9a5af974c637b0ab30d\redhat.java\jdt_ws
java_class_path (initial): c:\Users\admin\.vscode\extensions\redhat.java-1.16.0-win32-x64\server\plugins\org.eclipse.equinox.launcher_1.6.400.v20210924-0641.jar
Launcher Type: SUN_STANDARD

[Global flags]
    uintx AdaptiveSizePolicyWeight                 = 90                                        {product} {command line}
     intx CICompilerCount                          = 4                                         {product} {ergonomic}
    uintx GCTimeRatio                              = 4                                         {product} {command line}
     bool HeapDumpOnOutOfMemoryError               = true                                   {manageable} {command line}
    ccstr HeapDumpPath                             = c:\Users\admin\AppData\Roaming\Code\User\workspaceStorage\c65c9dccfaa9b9a5af974c637b0ab30d\redhat.java         {manageable} {command line}
   size_t InitialHeapSize                          = 104857600                                 {product} {command line}
   size_t MaxHeapSize                              = 1073741824                                {product} {command line}
   size_t MaxNewSize                               = 357564416                                 {product} {ergonomic}
   size_t MinHeapDeltaBytes                        = 524288                                    {product} {ergonomic}
   size_t MinHeapSize                              = 104857600                                 {product} {command line}
   size_t NewSize                                  = 34603008                                  {product} {ergonomic}
    uintx NonNMethodCodeHeapSize                   = 5839372                                {pd product} {ergonomic}
    uintx NonProfiledCodeHeapSize                  = 122909434                              {pd product} {ergonomic}
   size_t OldSize                                  = 70254592                                  {product} {ergonomic}
    uintx ProfiledCodeHeapSize                     = 122909434                              {pd product} {ergonomic}
    uintx ReservedCodeCacheSize                    = 251658240                              {pd product} {ergonomic}
     bool SegmentedCodeCache                       = true                                      {product} {ergonomic}
   size_t SoftMaxHeapSize                          = 1073741824                             {manageable} {ergonomic}
     bool UseCompressedClassPointers               = true                           {product lp64_product} {ergonomic}
     bool UseCompressedOops                        = true                           {product lp64_product} {ergonomic}
     bool UseLargePagesIndividualAllocation        = false                                  {pd product} {ergonomic}
     bool UseParallelGC                            = true                                      {product} {command line}

Logging:
Log output configuration:
 #0: stdout all=off uptime,level,tags
 #1: stderr all=off uptime,level,tags

Environment Variables:
JAVA_HOME=C:\Program Files\Java\jdk1.8.0_152
CLASSPATH=.;C:\Program Files\Java\jdk1.8.0_152\lib\dt.jar;C:\Program Files\Java\jdk1.8.0_152\lib\tools.jar;
PATH=C:\Program Files\Eclipse Adoptium\jdk-21.0.2.13-hotspot\bin;C:\Program Files\Python310\Scripts\;C:\Program Files\Python310\;C:\WINDOWS\system32;C:\WINDOWS;C:\WINDOWS\System32\Wbem;C:\WINDOWS\System32\WindowsPowerShell\v1.0\;C:\WINDOWS\System32\OpenSSH\;C:\Program Files\Git\cmd;D:\tools\mysql-5.7.18-winx64\mysql-5.7.18-winx64\bin;C:\Program Files\Java\jdk1.8.0_152\jre\bin;C:\Program Files\Java\jdk1.8.0_152\bin;C:\ProgramData\Oracle\Java\javapath;C:\Program Files\TortoiseGit\bin;D:\tools\web\dll;C:\Program Files\Docker\Docker\resources\bin;C:\Program Files\dotnet\;D:\DownLoad\HBuilderX.4.03.2024031101-alpha\HBuilderX;D:\Dart\dart-sdk\bin;D:\tools\nvm;D:\node;D:\DownLoad\HBuilderX.4.03.2024031101-alpha\HBuilderX;D:\\Scripts\;D:\\;C:\Users\admin\AppData\Local\Microsoft\WindowsApps;D:\tools\mysql-5.7.18-winx64\mysql-5.7.18-winx64\bin;D:\tools\node_global;D:\tools\apache-maven-3.8.6-bin\apache-maven-3.8.6\bin;D:\Microsoft VS Code\bin;C:\Program Files\JetBrains\PyCharm 2019.3.3\bin;;D:\PyCharm Community Edition 2022.3.2\bin;;D:\WebStorm 2021.3.2\bin;;D:\flutter\bin;D:\tools\nvm;D:\node
USERNAME=admin
OS=Windows_NT
PROCESSOR_IDENTIFIER=AMD64 Family 25 Model 80 Stepping 0, AuthenticAMD
TMP=C:\Users\admin\AppData\Local\Temp
TEMP=C:\Users\admin\AppData\Local\Temp



---------------  S Y S T E M  ---------------

OS:
 Windows 11 , 64 bit Build 22621 (10.0.22621.3374)
OS uptime: 0 days 22:27 hours

CPU: total 12 (initial active 12) (12 cores per cpu, 2 threads per core) family 25 model 80 stepping 0 microcode 0x0, cx8, cmov, fxsr, ht, mmx, 3dnowpref, sse, sse2, sse3, ssse3, sse4a, sse4.1, sse4.2, popcnt, lzcnt, tsc, tscinvbit, avx, avx2, aes, erms, clmul, bmi1, bmi2, adx, sha, fma, vzeroupper, clflush, clflushopt

Memory: 4k page, system-wide physical 15741M (3244M free)
TotalPageFile size 25263M (AvailPageFile size 297M)
current process WorkingSet (physical memory assigned to process): 124M, peak: 124M
current process commit charge ("private bytes"): 236M, peak: 236M

vm_info: OpenJDK 64-Bit Server VM (17.0.6+10) for windows-amd64 JRE (17.0.6+10), built on Jan 18 2023 10:08:59 by "temurin" with MS VC++ 16.7 (VS2019)

END.
